<?xml version="1.0" encoding="UTF-8"?>
<testng-results skipped="0" failed="0" ignored="0" total="3" passed="3">
  <reporter-output>
  </reporter-output>
  <suite name="Default suite" duration-ms="108" started-at="2020-01-29T16:35:18 IST" finished-at="2020-01-29T16:35:18 IST">
    <groups>
    </groups>
    <test name="Default test" duration-ms="108" started-at="2020-01-29T16:35:18 IST" finished-at="2020-01-29T16:35:18 IST">
      <class name="Package3.TestNG">
        <test-method status="PASS" signature="Login()[pri:1, instance:Package3.TestNG@67b92f0a]" name="Login" duration-ms="24" started-at="2020-01-29T16:35:18 IST" finished-at="2020-01-29T16:35:18 IST">
          <reporter-output>
          </reporter-output>
        </test-method> <!-- Login -->
        <test-method status="PASS" signature="Register()[pri:2, instance:Package3.TestNG@67b92f0a]" name="Register" duration-ms="3" started-at="2020-01-29T16:35:18 IST" finished-at="2020-01-29T16:35:18 IST">
          <reporter-output>
          </reporter-output>
        </test-method> <!-- Register -->
        <test-method status="PASS" signature="Launch()[pri:3, instance:Package3.TestNG@67b92f0a]" name="Launch" duration-ms="4" started-at="2020-01-29T16:35:18 IST" finished-at="2020-01-29T16:35:18 IST">
          <reporter-output>
          </reporter-output>
        </test-method> <!-- Launch -->
      </class> <!-- Package3.TestNG -->
    </test> <!-- Default test -->
  </suite> <!-- Default suite -->
</testng-results>
